Build started 9/8/2015 6:25:46 PM.
     1>Project "F:\Documents\CMPM170\FloppyBird\FloppyBird source\FloppyBird.vcxproj" on node 2 (build target(s)).
     1>InitializeBuildStatus:
         Creating "Debug\FloppyBird.unsuccessfulbuild" because "AlwaysCreate" was specified.
       ClCompile:
         f:\Program Files (x86)\Microsoft Visual Studio 10.0\VC\bin\CL.exe /c /I"SFML-2.3.1/include/" /ZI /nologo /W3 /WX- /Od /Oy- /D WIN32 /D _DEBUG /D _CONSOLE /D _UNICODE /D UNICODE /Gm /EHsc /RTC1 /MDd /GS /fp:precise /Zc:wchar_t /Zc:forScope /Yc"StdAfx.h" /Fp"Debug\FloppyBird.pch" /Fo"Debug\\" /Fd"Debug\vc100.pdb" /Gd /TP /analyze- /errorReport:prompt stdafx.cpp
         stdafx.cpp
         f:\Program Files (x86)\Microsoft Visual Studio 10.0\VC\bin\CL.exe /c /I"SFML-2.3.1/include/" /ZI /nologo /W3 /WX- /Od /Oy- /D WIN32 /D _DEBUG /D _CONSOLE /D _UNICODE /D UNICODE /Gm /EHsc /RTC1 /MDd /GS /fp:precise /Zc:wchar_t /Zc:forScope /Yu"StdAfx.h" /Fp"Debug\FloppyBird.pch" /Fo"Debug\\" /Fd"Debug\vc100.pdb" /Gd /TP /analyze- /errorReport:prompt main.cpp
         main.cpp
       ManifestResourceCompile:
         C:\Program Files (x86)\Microsoft SDKs\Windows\v7.0A\bin\rc.exe /nologo /fo"Debug\FloppyBird.exe.embed.manifest.res" Debug\FloppyBird_manifest.rc 
       Link:
         f:\Program Files (x86)\Microsoft Visual Studio 10.0\VC\bin\link.exe /ERRORREPORT:PROMPT /OUT:"F:\Documents\CMPM170\FloppyBird\FloppyBird source\Debug\FloppyBird.exe" /INCREMENTAL /NOLOGO /LIBPATH:"SFML-2.3.1/lib/" kernel32.lib user32.lib gdi32.lib winspool.lib comdlg32.lib advapi32.lib shell32.lib ole32.lib oleaut32.lib uuid.lib odbc32.lib odbccp32.lib "sfml-system.lib" "sfml-main.lib" "sfml-graphics.lib" "sfml-audio.lib" "sfml-network.lib" "sfml-window.lib" kernel32.lib user32.lib gdi32.lib winspool.lib comdlg32.lib advapi32.lib shell32.lib ole32.lib oleaut32.lib uuid.lib odbc32.lib odbccp32.lib /MANIFEST /ManifestFile:"Debug\FloppyBird.exe.intermediate.manifest" /MANIFESTUAC:"level='asInvoker' uiAccess='false'" /DEBUG /PDB:"F:\Documents\CMPM170\FloppyBird\FloppyBird source\Debug\FloppyBird.pdb" /SUBSYSTEM:CONSOLE /TLBID:1 /DYNAMICBASE /NXCOMPAT /IMPLIB:"F:\Documents\CMPM170\FloppyBird\FloppyBird source\Debug\FloppyBird.lib" /MACHINE:X86 Debug\FloppyBird.exe.embed.manifest.res
         Debug\main.obj
         Debug\stdafx.obj
       Manifest:
         C:\Program Files (x86)\Microsoft SDKs\Windows\v7.0A\bin\mt.exe /nologo /verbose /out:"Debug\FloppyBird.exe.embed.manifest" /manifest Debug\FloppyBird.exe.intermediate.manifest
         C:\Program Files (x86)\Microsoft SDKs\Windows\v7.0A\bin\rc.exe /nologo /fo"Debug\FloppyBird.exe.embed.manifest.res" Debug\FloppyBird_manifest.rc 
       LinkEmbedManifest:
         f:\Program Files (x86)\Microsoft Visual Studio 10.0\VC\bin\link.exe /ERRORREPORT:PROMPT /OUT:"F:\Documents\CMPM170\FloppyBird\FloppyBird source\Debug\FloppyBird.exe" /INCREMENTAL /NOLOGO /LIBPATH:"SFML-2.3.1/lib/" kernel32.lib user32.lib gdi32.lib winspool.lib comdlg32.lib advapi32.lib shell32.lib ole32.lib oleaut32.lib uuid.lib odbc32.lib odbccp32.lib "sfml-system.lib" "sfml-main.lib" "sfml-graphics.lib" "sfml-audio.lib" "sfml-network.lib" "sfml-window.lib" kernel32.lib user32.lib gdi32.lib winspool.lib comdlg32.lib advapi32.lib shell32.lib ole32.lib oleaut32.lib uuid.lib odbc32.lib odbccp32.lib /MANIFEST /ManifestFile:"Debug\FloppyBird.exe.intermediate.manifest" /MANIFESTUAC:"level='asInvoker' uiAccess='false'" /DEBUG /PDB:"F:\Documents\CMPM170\FloppyBird\FloppyBird source\Debug\FloppyBird.pdb" /SUBSYSTEM:CONSOLE /TLBID:1 /DYNAMICBASE /NXCOMPAT /IMPLIB:"F:\Documents\CMPM170\FloppyBird\FloppyBird source\Debug\FloppyBird.lib" /MACHINE:X86 Debug\FloppyBird.exe.embed.manifest.res
         Debug\main.obj
         Debug\stdafx.obj
         FloppyBird.vcxproj -> F:\Documents\CMPM170\FloppyBird\FloppyBird source\Debug\FloppyBird.exe
       FinalizeBuildStatus:
         Deleting file "Debug\FloppyBird.unsuccessfulbuild".
         Touching "Debug\FloppyBird.lastbuildstate".
     1>Done Building Project "F:\Documents\CMPM170\FloppyBird\FloppyBird source\FloppyBird.vcxproj" (build target(s)).

Build succeeded.

Time Elapsed 00:00:01.21
