F:\Documents\CMPM170\FloppyBird\FloppyBird source\Release\cl.command.1.tlog
F:\Documents\CMPM170\FloppyBird\FloppyBird source\Release\CL.read.1.tlog
F:\Documents\CMPM170\FloppyBird\FloppyBird source\Release\CL.write.1.tlog
F:\DOCUMENTS\CMPM170\FLOPPYBIRD\FLOPPYBIRD SOURCE\RELEASE\FLOPPYBIRD.EXE
F:\DOCUMENTS\CMPM170\FLOPPYBIRD\FLOPPYBIRD SOURCE\RELEASE\FLOPPYBIRD.EXE.INTERMEDIATE.MANIFEST
F:\DOCUMENTS\CMPM170\FLOPPYBIRD\FLOPPYBIRD SOURCE\RELEASE\FLOPPYBIRD.PCH
F:\DOCUMENTS\CMPM170\FLOPPYBIRD\FLOPPYBIRD SOURCE\RELEASE\FLOPPYBIRD.PDB
F:\Documents\CMPM170\FloppyBird\FloppyBird source\Release\FloppyBird.vcxprojResolveAssemblyReference.cache
F:\Documents\CMPM170\FloppyBird\FloppyBird source\Release\FloppyBird.write.1.tlog
F:\DOCUMENTS\CMPM170\FLOPPYBIRD\FLOPPYBIRD SOURCE\RELEASE\GAMEOBJECT.OBJ
F:\Documents\CMPM170\FloppyBird\FloppyBird source\Release\link.command.1.tlog
F:\Documents\CMPM170\FloppyBird\FloppyBird source\Release\link.read.1.tlog
F:\Documents\CMPM170\FloppyBird\FloppyBird source\Release\link.write.1.tlog
F:\DOCUMENTS\CMPM170\FLOPPYBIRD\FLOPPYBIRD SOURCE\RELEASE\MAIN.OBJ
F:\DOCUMENTS\CMPM170\FLOPPYBIRD\FLOPPYBIRD SOURCE\RELEASE\MAINLEVEL.OBJ
F:\Documents\CMPM170\FloppyBird\FloppyBird source\Release\mt.command.1.tlog
F:\Documents\CMPM170\FloppyBird\FloppyBird source\Release\mt.read.1.tlog
F:\Documents\CMPM170\FloppyBird\FloppyBird source\Release\mt.write.1.tlog
F:\DOCUMENTS\CMPM170\FLOPPYBIRD\FLOPPYBIRD SOURCE\RELEASE\PIPE.OBJ
F:\DOCUMENTS\CMPM170\FLOPPYBIRD\FLOPPYBIRD SOURCE\RELEASE\PLAYER.OBJ
F:\Documents\CMPM170\FloppyBird\FloppyBird source\Release\Room.obj
F:\DOCUMENTS\CMPM170\FLOPPYBIRD\FLOPPYBIRD SOURCE\RELEASE\ROOMMANAGER.OBJ
F:\DOCUMENTS\CMPM170\FLOPPYBIRD\FLOPPYBIRD SOURCE\RELEASE\STDAFX.OBJ
F:\DOCUMENTS\CMPM170\FLOPPYBIRD\FLOPPYBIRD SOURCE\RELEASE\VC100.PDB
